c:\mazeghost\proj.win32\debug.win32\helloworldscene.obj
c:\mazeghost\proj.win32\debug.win32\appdelegate.obj
c:\mazeghost\proj.win32\debug.win32\main.obj
c:\mazeghost\proj.win32\debug.win32\vc140.pdb
c:\mazeghost\proj.win32\debug.win32\vc140.idb
c:\mazeghost\proj.win32\debug.win32\mazeghost.ilk
c:\mazeghost\proj.win32\debug.win32\mazeghost.exe
c:\mazeghost\proj.win32\debug.win32\mazeghost.pdb
c:\mazeghost\proj.win32\debug.win32\mazeghost.lib
c:\mazeghost\proj.win32\debug.win32\mazeghost.exp
c:\mazeghost\proj.win32\mazeghost.cab
c:\mazeghost\proj.win32\debug.win32\game.res
c:\mazeghost\proj.win32\debug.win32\mazeghost.vcxprojresolveassemblyreference.cache
c:\mazeghost\proj.win32\debug.win32\libcocos2d.exp
c:\mazeghost\proj.win32\debug.win32\libbox2d.pdb
c:\mazeghost\proj.win32\debug.win32\libbullet.pdb
c:\mazeghost\proj.win32\debug.win32\libcocos2d.pdb
c:\mazeghost\proj.win32\debug.win32\librecast.pdb
c:\mazeghost\proj.win32\debug.win32\libspine.pdb
c:\mazeghost\proj.win32\debug.win32\mazeghost.tlog\cl.command.1.tlog
c:\mazeghost\proj.win32\debug.win32\mazeghost.tlog\cl.read.1.tlog
c:\mazeghost\proj.win32\debug.win32\mazeghost.tlog\cl.write.1.tlog
c:\mazeghost\proj.win32\debug.win32\mazeghost.tlog\link.command.1.tlog
c:\mazeghost\proj.win32\debug.win32\mazeghost.tlog\link.read.1.tlog
c:\mazeghost\proj.win32\debug.win32\mazeghost.tlog\link.write.1.tlog
c:\mazeghost\proj.win32\debug.win32\mazeghost.tlog\mazeghost.write.1u.tlog
c:\mazeghost\proj.win32\debug.win32\mazeghost.tlog\rc.command.1.tlog
c:\mazeghost\proj.win32\debug.win32\mazeghost.tlog\rc.read.1.tlog
c:\mazeghost\proj.win32\debug.win32\mazeghost.tlog\rc.write.1.tlog
